\BOOKMARK [1][-]{section.1}{Whole\040Image\040Translated\040and\040Rotated\040Triplet\040Loss\040Function}{}% 1
\BOOKMARK [1][-]{section.2}{Experiments\040and\040Results}{}% 2
\BOOKMARK [2][-]{subsection.2.1}{Model\040Complexity\040Analysis}{section.2}% 3
\BOOKMARK [2][-]{subsection.2.2}{Within-Database\040Experiments}{section.2}% 4
\BOOKMARK [3][-]{subsubsection.2.2.1}{Finger\040Knuckle\040V3\040Database\040with\040Deformation}{subsection.2.2}% 5
\BOOKMARK [3][-]{subsubsection.2.2.2}{Index\040Finger\040Knuckle\040of\040Hand\040Dorsal\040Image\040Database}{subsection.2.2}% 6
\BOOKMARK [3][-]{subsubsection.2.2.3}{2D\040Samples\040of\0403D\040Finger\040Knuckle\040Database}{subsection.2.2}% 7
\BOOKMARK [2][-]{subsection.2.3}{Cross-Database\040Experiments}{section.2}% 8
\BOOKMARK [3][-]{subsubsection.2.3.1}{Index\040Finger\040Knuckle\040of\040Hand\040Dorsal\040Image}{subsection.2.3}% 9
\BOOKMARK [3][-]{subsubsection.2.3.2}{Middle\040Finger\040Knuckle\040of\040Hand\040Dorsal\040Image}{subsection.2.3}% 10
\BOOKMARK [3][-]{subsubsection.2.3.3}{Tsinghua\040Finger\040Knuckle\040Database}{subsection.2.3}% 11
\BOOKMARK [2][-]{subsection.2.4}{Discussion}{section.2}% 12
\BOOKMARK [1][-]{section.3}{3D\040Finger\040Knuckle\040of\0403D\040Finger\040Knuckle\040Database}{}% 13
\BOOKMARK [1][-]{section.4}{Online\040Contactless\040Finger\040Knuckle\040Identification}{}% 14
\BOOKMARK [2][-]{subsection.4.1}{Contactless\040Finger\040Knuckle\040Detection}{section.4}% 15
\BOOKMARK [3][-]{subsubsection.4.1.1}{\040Rotated\040Bounding\040Box\040Based\040on\040YOLOv5}{subsection.4.1}% 16
\BOOKMARK [3][-]{subsubsection.4.1.2}{Contactless\040Finger\040Knuckle\040Dataset}{subsection.4.1}% 17
\BOOKMARK [3][-]{subsubsection.4.1.3}{Contactless\040Finger\040Knuckle\040Detection}{subsection.4.1}% 18
\BOOKMARK [2][-]{subsection.4.2}{Online\040Contactless\040Finger\040Knuckle\040Identification\040Performance}{section.4}% 19
\BOOKMARK [1][-]{section.5}{References}{}% 20
